<?xml version="1.0" encoding="UTF-8"?>
<testsuite xmlns:xsi="http://www.w3.org/2001/XMLSchema-instance" xsi:noNamespaceSchemaLocation="https://maven.apache.org/surefire/maven-surefire-plugin/xsd/surefire-test-report.xsd" name="tests.AuthorizationTests" time="19.491" tests="2" errors="0" skipped="0" failures="0">
  <properties>
[...]
</properties>
  <testcase name="logoutTest" classname="tests.AuthorizationTests" time="16.516"/>
  <testcase name="profileTest" classname="tests.AuthorizationTests" time="2.655"/>
</testsuite>